<?xml version="1.0" encoding="UTF-8"?>
<coverage generated="1533020174266" clover="3.2.0">
  <project timestamp="1533020174267" name="All files">
    <metrics statements="9" coveredstatements="3" conditionals="0" coveredconditionals="0" methods="10" coveredmethods="3" elements="19" coveredelements="6" complexity="0" loc="9" ncloc="9" packages="1" files="1" classes="1">
      <file name="VEditor.vue" path="/Users/droyer/repos/vue-plugin-starter/src/components/VEditor.vue">
        <metrics statements="9" coveredstatements="3" conditionals="0" coveredconditionals="0" methods="10" coveredmethods="3"/>
        <line num="71" count="1" type="stmt"/>
        <line num="75" count="1" type="stmt"/>
        <line num="91" count="1" type="stmt"/>
        <line num="95" count="0" type="stmt"/>
        <line num="99" count="0" type="stmt"/>
        <line num="108" count="0" type="stmt"/>
        <line num="112" count="0" type="stmt"/>
        <line num="127" count="0" type="stmt"/>
        <line num="132" count="0" type="stmt"/>
      </file>
    </metrics>
  </project>
</coverage>
