{"/Users/droyer/repos/vue-plugin-starter/src/components/VEditor.vue": {"path":"/Users/droyer/repos/vue-plugin-starter/src/components/VEditor.vue","statementMap":{"0":{"start":{"line":71,"column":0},"end":{"line":null,"column":-1}},"1":{"start":{"line":75,"column":0},"end":{"line":null,"column":-1}},"2":{"start":{"line":93,"column":0},"end":{"line":null,"column":-1}},"3":{"start":{"line":97,"column":0},"end":{"line":null,"column":-1}},"4":{"start":{"line":101,"column":0},"end":{"line":null,"column":-1}},"5":{"start":{"line":110,"column":0},"end":{"line":null,"column":-1}},"6":{"start":{"line":114,"column":0},"end":{"line":null,"column":-1}}},"fnMap":{"0":{"name":"created","decl":{"start":{"line":67,"column":0},"end":{"line":null,"column":-1}},"loc":{"start":{"line":67,"column":0},"end":{"line":72,"column":0}}},"1":{"name":"data","decl":{"start":{"line":74,"column":0},"end":{"line":null,"column":-1}},"loc":{"start":{"line":74,"column":0},"end":{"line":85,"column":0}}},"2":{"name":"id","decl":{"start":{"line":92,"column":0},"end":{"line":null,"column":-1}},"loc":{"start":{"line":92,"column":0},"end":{"line":94,"column":0}}},"3":{"name":"changed","decl":{"start":{"line":96,"column":0},"end":{"line":null,"column":-1}},"loc":{"start":{"line":96,"column":0},"end":{"line":98,"column":0}}},"4":{"name":"withNoDependencies","decl":{"start":{"line":100,"column":0},"end":{"line":null,"column":-1}},"loc":{"start":{"line":100,"column":0},"end":{"line":102,"column":0}}},"5":{"name":"check","decl":{"start":{"line":109,"column":0},"end":{"line":null,"column":-1}},"loc":{"start":{"line":109,"column":0},"end":{"line":111,"column":0}}},"6":{"name":"prop","decl":{"start":{"line":113,"column":0},"end":{"line":null,"column":-1}},"loc":{"start":{"line":113,"column":0},"end":{"line":115,"column":0}}},"7":{"name":"ignored","decl":{"start":{"line":121,"column":0},"end":{"line":null,"column":-1}},"loc":{"start":{"line":121,"column":0},"end":{"line":null,"column":-1}}},"8":{"name":"anotherIgnored","decl":{"start":{"line":125,"column":0},"end":{"line":null,"column":-1}},"loc":{"start":{"line":125,"column":0},"end":{"line":null,"column":-1}}}},"branchMap":{},"s":{"0":2,"1":2,"2":2,"3":0,"4":0,"5":0,"6":0},"f":{"0":2,"1":2,"2":2,"3":0,"4":0,"5":0,"6":0,"7":0,"8":0},"b":{}}
,"/Users/droyer/repos/vue-plugin-starter/src/components/VInput/index.vue": {"path":"/Users/droyer/repos/vue-plugin-starter/src/components/VInput/index.vue","statementMap":{"0":{"start":{"line":49,"column":0},"end":{"line":null,"column":-1}},"1":{"start":{"line":50,"column":0},"end":{"line":null,"column":-1}},"2":{"start":{"line":52,"column":0},"end":{"line":null,"column":-1}},"3":{"start":{"line":58,"column":0},"end":{"line":null,"column":-1}},"4":{"start":{"line":81,"column":0},"end":{"line":null,"column":-1}}},"fnMap":{"0":{"name":"listeners","decl":{"start":{"line":49,"column":0},"end":{"line":null,"column":-1}},"loc":{"start":{"line":49,"column":0},"end":{"line":54,"column":0}}},"1":{"name":"input","decl":{"start":{"line":52,"column":0},"end":{"line":null,"column":-1}},"loc":{"start":{"line":52,"column":0},"end":{"line":null,"column":-1}}},"2":{"name":"data","decl":{"start":{"line":57,"column":0},"end":{"line":null,"column":-1}},"loc":{"start":{"line":57,"column":0},"end":{"line":66,"column":0}}},"3":{"name":"setFocus","decl":{"start":{"line":80,"column":0},"end":{"line":null,"column":-1}},"loc":{"start":{"line":80,"column":0},"end":{"line":82,"column":0}}}},"branchMap":{},"s":{"0":2,"1":2,"2":0,"3":2,"4":0},"f":{"0":2,"1":0,"2":2,"3":0},"b":{}}
}
