{"/Users/droyer/repos/vue-plugin-starter/src/components/VEditor.vue": {"path":"/Users/droyer/repos/vue-plugin-starter/src/components/VEditor.vue","statementMap":{"0":{"start":{"line":71,"column":0},"end":{"line":null,"column":-1}},"1":{"start":{"line":75,"column":0},"end":{"line":null,"column":-1}},"2":{"start":{"line":91,"column":0},"end":{"line":null,"column":-1}},"3":{"start":{"line":95,"column":0},"end":{"line":null,"column":-1}},"4":{"start":{"line":99,"column":0},"end":{"line":null,"column":-1}},"5":{"start":{"line":108,"column":0},"end":{"line":null,"column":-1}},"6":{"start":{"line":112,"column":0},"end":{"line":null,"column":-1}},"7":{"start":{"line":127,"column":0},"end":{"line":null,"column":-1}},"8":{"start":{"line":132,"column":0},"end":{"line":null,"column":-1}}},"fnMap":{"0":{"name":"created","decl":{"start":{"line":67,"column":0},"end":{"line":null,"column":-1}},"loc":{"start":{"line":67,"column":0},"end":{"line":72,"column":0}}},"1":{"name":"data","decl":{"start":{"line":74,"column":0},"end":{"line":null,"column":-1}},"loc":{"start":{"line":74,"column":0},"end":{"line":83,"column":0}}},"2":{"name":"id","decl":{"start":{"line":90,"column":0},"end":{"line":null,"column":-1}},"loc":{"start":{"line":90,"column":0},"end":{"line":92,"column":0}}},"3":{"name":"changed","decl":{"start":{"line":94,"column":0},"end":{"line":null,"column":-1}},"loc":{"start":{"line":94,"column":0},"end":{"line":96,"column":0}}},"4":{"name":"withNoDependencies","decl":{"start":{"line":98,"column":0},"end":{"line":null,"column":-1}},"loc":{"start":{"line":98,"column":0},"end":{"line":100,"column":0}}},"5":{"name":"check","decl":{"start":{"line":107,"column":0},"end":{"line":null,"column":-1}},"loc":{"start":{"line":107,"column":0},"end":{"line":109,"column":0}}},"6":{"name":"prop","decl":{"start":{"line":111,"column":0},"end":{"line":null,"column":-1}},"loc":{"start":{"line":111,"column":0},"end":{"line":113,"column":0}}},"7":{"name":"ignored","decl":{"start":{"line":119,"column":0},"end":{"line":null,"column":-1}},"loc":{"start":{"line":119,"column":0},"end":{"line":null,"column":-1}}},"8":{"name":"anotherIgnored","decl":{"start":{"line":123,"column":0},"end":{"line":null,"column":-1}},"loc":{"start":{"line":123,"column":0},"end":{"line":null,"column":-1}}},"9":{"name":"enable","decl":{"start":{"line":126,"column":0},"end":{"line":null,"column":-1}},"loc":{"start":{"line":126,"column":0},"end":{"line":133,"column":0}}}},"branchMap":{},"s":{"0":1,"1":1,"2":1,"3":0,"4":0,"5":0,"6":0,"7":0,"8":0},"f":{"0":1,"1":1,"2":1,"3":0,"4":0,"5":0,"6":0,"7":0,"8":0,"9":0},"b":{}}
}
