TN:
SF:/Users/droyer/repos/vue-plugin-starter/src/components/VEditor.vue
FN:67,created
FN:74,data
FN:92,id
FN:96,changed
FN:100,withNoDependencies
FN:109,check
FN:113,prop
FN:121,ignored
FN:125,anotherIgnored
FNF:9
FNH:3
FNDA:2,created
FNDA:2,data
FNDA:2,id
FNDA:0,changed
FNDA:0,withNoDependencies
FNDA:0,check
FNDA:0,prop
FNDA:0,ignored
FNDA:0,anotherIgnored
DA:71,2
DA:75,2
DA:93,2
DA:97,0
DA:101,0
DA:110,0
DA:114,0
LF:7
LH:3
BRF:0
BRH:0
end_of_record
TN:
SF:/Users/droyer/repos/vue-plugin-starter/src/components/VInput/index.vue
FN:49,listeners
FN:52,input
FN:57,data
FN:80,setFocus
FNF:4
FNH:2
FNDA:2,listeners
FNDA:0,input
FNDA:2,data
FNDA:0,setFocus
DA:49,2
DA:50,2
DA:52,0
DA:58,2
DA:81,0
LF:5
LH:3
BRF:0
BRH:0
end_of_record
