TN:
SF:/Users/droyer/repos/vue-plugin-starter/src/components/VEditor.vue
FN:67,created
FN:74,data
FN:90,id
FN:94,changed
FN:98,withNoDependencies
FN:107,check
FN:111,prop
FN:119,ignored
FN:123,anotherIgnored
FN:126,enable
FNF:10
FNH:3
FNDA:1,created
FNDA:1,data
FNDA:1,id
FNDA:0,changed
FNDA:0,withNoDependencies
FNDA:0,check
FNDA:0,prop
FNDA:0,ignored
FNDA:0,anotherIgnored
FNDA:0,enable
DA:71,1
DA:75,1
DA:91,1
DA:95,0
DA:99,0
DA:108,0
DA:112,0
DA:127,0
DA:132,0
LF:9
LH:3
BRF:0
BRH:0
end_of_record
